<?xml version="1.0" encoding="UTF-8"?>
<!-- Generated by org.testng.reporters.JUnitXMLReporter -->
<testsuite hostname="LAPTOP-M2P9FD29" ignored="0" name="Test" tests="5" failures="0" timestamp="2021-07-06T08:21:40 IST" time="11.654" errors="0">
  <testcase name="chromebrowser" time="11.59" classname="com.maven.demo.selenium.Demo3chromebrowser"/>
  <testcase name="demo1div" time="0.004" classname="com.maven.demo.selenium.Demo2"/>
  <testcase name="demo1mul" time="0.001" classname="com.maven.demo.selenium.Demo2"/>
  <testcase name="demo1add" time="0.001" classname="com.maven.demo.selenium.Demo1"/>
  <testcase name="demo1sub" time="0.0" classname="com.maven.demo.selenium.Demo1"/>
</testsuite> <!-- Test -->
