<?xml version="1.0" encoding="UTF-8"?>
<testng-results skipped="0" failed="0" ignored="0" total="1" passed="1">
  <reporter-output>
  </reporter-output>
  <suite name="Default suite" duration-ms="17118" started-at="2021-07-06T00:59:17 IST" finished-at="2021-07-06T00:59:34 IST">
    <groups>
    </groups>
    <test name="Default test" duration-ms="17118" started-at="2021-07-06T00:59:17 IST" finished-at="2021-07-06T00:59:34 IST">
      <class name="com.maven.demo.selenium.Demo3chromebrowser">
        <test-method status="PASS" signature="chromebrowser()[pri:0, instance:com.maven.demo.selenium.Demo3chromebrowser@29b5cd00]" name="chromebrowser" duration-ms="17039" started-at="2021-07-06T00:59:17 IST" finished-at="2021-07-06T00:59:34 IST">
          <reporter-output>
          </reporter-output>
        </test-method> <!-- chromebrowser -->
      </class> <!-- com.maven.demo.selenium.Demo3chromebrowser -->
    </test> <!-- Default test -->
  </suite> <!-- Default suite -->
</testng-results>
